Using pre-set license
Built from '2022.3/staging' branch; Version is '2022.3.16f1 (d2c21f0ef2f1) revision 13812255'; Using compiler version '192829333'; Build Type 'Release'
OS: 'Windows 11  (10.0.26100) 64bit Professional' Language: 'es' Physical Memory: 16087 MB
BatchMode: 1, IsHumanControllingUs: 0, StartBugReporterOnCrash: 0, Is64bit: 1, IsPro: 1

COMMAND LINE ARGUMENTS:
C:\Program Files\Unity\Hub\Editor\2022.3.16f1\Editor\Unity.exe
-adb2
-batchMode
-noUpm
-name
AssetImportWorker1
-projectPath
C:/Users/JuanC/Music/CURSO_2425/Videojuegos/PracticasVideojuegos
-logFile
Logs/AssetImportWorker1.log
-srvPort
59461
Successfully changed project path to: C:/Users/JuanC/Music/CURSO_2425/Videojuegos/PracticasVideojuegos
C:/Users/JuanC/Music/CURSO_2425/Videojuegos/PracticasVideojuegos
[UnityMemory] Configuration Parameters - Can be set up in boot.config
    "memorysetup-bucket-allocator-granularity=16"
    "memorysetup-bucket-allocator-bucket-count=8"
    "memorysetup-bucket-allocator-block-size=33554432"
    "memorysetup-bucket-allocator-block-count=8"
    "memorysetup-main-allocator-block-size=16777216"
    "memorysetup-thread-allocator-block-size=16777216"
    "memorysetup-gfx-main-allocator-block-size=16777216"
    "memorysetup-gfx-thread-allocator-block-size=16777216"
    "memorysetup-cache-allocator-block-size=4194304"
    "memorysetup-typetree-allocator-block-size=2097152"
    "memorysetup-profiler-bucket-allocator-granularity=16"
    "memorysetup-profiler-bucket-allocator-bucket-count=8"
    "memorysetup-profiler-bucket-allocator-block-size=33554432"
    "memorysetup-profiler-bucket-allocator-block-count=8"
    "memorysetup-profiler-allocator-block-size=16777216"
    "memorysetup-profiler-editor-allocator-block-size=1048576"
    "memorysetup-temp-allocator-size-main=16777216"
    "memorysetup-job-temp-allocator-block-size=2097152"
    "memorysetup-job-temp-allocator-block-size-background=1048576"
    "memorysetup-job-temp-allocator-reduction-small-platforms=262144"
    "memorysetup-allocator-temp-initial-block-size-main=262144"
    "memorysetup-allocator-temp-initial-block-size-worker=262144"
    "memorysetup-temp-allocator-size-background-worker=32768"
    "memorysetup-temp-allocator-size-job-worker=262144"
    "memorysetup-temp-allocator-size-preload-manager=33554432"
    "memorysetup-temp-allocator-size-nav-mesh-worker=65536"
    "memorysetup-temp-allocator-size-audio-worker=65536"
    "memorysetup-temp-allocator-size-cloud-worker=32768"
    "memorysetup-temp-allocator-size-gi-baking-worker=262144"
    "memorysetup-temp-allocator-size-gfx=262144"
Player connection [21224] Host "[IP] 192.168.1.89 [Port] 0 [Flags] 2 [Guid] 158580437 [EditorId] 158580437 [Version] 1048832 [Id] WindowsEditor(7,Muramasa) [Debug] 1 [PackageName] WindowsEditor [ProjectName] Editor" joined multi-casting on [225.0.0.222:54997]...

Player connection [21224] Host "[IP] 192.168.1.89 [Port] 0 [Flags] 2 [Guid] 158580437 [EditorId] 158580437 [Version] 1048832 [Id] WindowsEditor(7,Muramasa) [Debug] 1 [PackageName] WindowsEditor [ProjectName] Editor" joined alternative multi-casting on [225.0.0.222:34997]...

[Physics::Module] Initialized MultithreadedJobDispatcher with 15 workers.
Refreshing native plugins compatible for Editor in 9.17 ms, found 3 plugins.
Preloading 0 native plugins for Editor in 0.00 ms.
Initialize engine version: 2022.3.16f1 (d2c21f0ef2f1)
[Subsystems] Discovering subsystems at path C:/Program Files/Unity/Hub/Editor/2022.3.16f1/Editor/Data/Resources/UnitySubsystems
[Subsystems] Discovering subsystems at path C:/Users/JuanC/Music/CURSO_2425/Videojuegos/PracticasVideojuegos/Assets
GfxDevice: creating device client; threaded=0; jobified=0
Direct3D:
    Version:  Direct3D 11.0 [level 11.1]
    Renderer: NVIDIA GeForce RTX 4060 Laptop GPU (ID=0x28a0)
    Vendor:   NVIDIA
    VRAM:     7957 MB
    Driver:   32.0.15.6614
Initialize mono
Mono path[0] = 'C:/Program Files/Unity/Hub/Editor/2022.3.16f1/Editor/Data/Managed'
Mono path[1] = 'C:/Program Files/Unity/Hub/Editor/2022.3.16f1/Editor/Data/MonoBleedingEdge/lib/mono/unityjit-win32'
Mono config path = 'C:/Program Files/Unity/Hub/Editor/2022.3.16f1/Editor/Data/MonoBleedingEdge/etc'
Using monoOptions --debugger-agent=transport=dt_socket,embedding=1,server=y,suspend=n,address=127.0.0.1:56784
Begin MonoManager ReloadAssembly
Registering precompiled unity dll's ...
Register platform support module: C:/Program Files/Unity/Hub/Editor/2022.3.16f1/Editor/Data/PlaybackEngines/WindowsStandaloneSupport/UnityEditor.WindowsStandalone.Extensions.dll
Registered in 0.004864 seconds.
- Loaded All Assemblies, in  0.342 seconds
Native extension for WindowsStandalone target not found
Mono: successfully reloaded assembly
- Finished resetting the current domain, in  0.296 seconds
Domain Reload Profiling: 637ms
	BeginReloadAssembly (106ms)
		ExecutionOrderSort (0ms)
		DisableScriptedObjects (0ms)
		BackupInstance (0ms)
		ReleaseScriptingObjects (0ms)
		CreateAndSetChildDomain (1ms)
	RebuildCommonClasses (34ms)
	RebuildNativeTypeToScriptingClass (11ms)
	initialDomainReloadingComplete (55ms)
	LoadAllAssembliesAndSetupDomain (135ms)
		LoadAssemblies (104ms)
		RebuildTransferFunctionScriptingTraits (0ms)
		AnalyzeDomain (133ms)
			TypeCache.Refresh (131ms)
				TypeCache.ScanAssembly (119ms)
			ScanForSourceGeneratedMonoScriptInfo (0ms)
			ResolveRequiredComponents (1ms)
	FinalizeReload (296ms)
		ReleaseScriptCaches (0ms)
		RebuildScriptCaches (0ms)
		SetupLoadedEditorAssemblies (236ms)
			LogAssemblyErrors (0ms)
			InitializePlatformSupportModulesInManaged (8ms)
			SetLoadedEditorAssemblies (8ms)
			RefreshPlugins (0ms)
			BeforeProcessingInitializeOnLoad (2ms)
			ProcessInitializeOnLoadAttributes (161ms)
			ProcessInitializeOnLoadMethodAttributes (57ms)
			AfterProcessingInitializeOnLoad (0ms)
			EditorAssembliesLoaded (0ms)
		ExecutionOrderSort2 (0ms)
		AwakeInstancesAfterBackupRestoration (0ms)
========================================================================
Worker process is ready to serve import requests
Begin MonoManager ReloadAssembly
- Loaded All Assemblies, in  0.685 seconds
Refreshing native plugins compatible for Editor in 3.59 ms, found 3 plugins.
Native extension for WindowsStandalone target not found
Mono: successfully reloaded assembly
- Finished resetting the current domain, in  0.806 seconds
Domain Reload Profiling: 1489ms
	BeginReloadAssembly (147ms)
		ExecutionOrderSort (0ms)
		DisableScriptedObjects (5ms)
		BackupInstance (0ms)
		ReleaseScriptingObjects (0ms)
		CreateAndSetChildDomain (19ms)
	RebuildCommonClasses (34ms)
	RebuildNativeTypeToScriptingClass (10ms)
	initialDomainReloadingComplete (45ms)
	LoadAllAssembliesAndSetupDomain (446ms)
		LoadAssemblies (339ms)
		RebuildTransferFunctionScriptingTraits (0ms)
		AnalyzeDomain (192ms)
			TypeCache.Refresh (157ms)
				TypeCache.ScanAssembly (143ms)
			ScanForSourceGeneratedMonoScriptInfo (22ms)
			ResolveRequiredComponents (10ms)
	FinalizeReload (807ms)
		ReleaseScriptCaches (0ms)
		RebuildScriptCaches (0ms)
		SetupLoadedEditorAssemblies (637ms)
			LogAssemblyErrors (0ms)
			InitializePlatformSupportModulesInManaged (7ms)
			SetLoadedEditorAssemblies (5ms)
			RefreshPlugins (0ms)
			BeforeProcessingInitializeOnLoad (75ms)
			ProcessInitializeOnLoadAttributes (461ms)
			ProcessInitializeOnLoadMethodAttributes (82ms)
			AfterProcessingInitializeOnLoad (7ms)
			EditorAssembliesLoaded (0ms)
		ExecutionOrderSort2 (0ms)
		AwakeInstancesAfterBackupRestoration (8ms)
Launched and connected shader compiler UnityShaderCompiler.exe after 0.05 seconds
Refreshing native plugins compatible for Editor in 3.09 ms, found 3 plugins.
Preloading 0 native plugins for Editor in 0.00 ms.
Unloading 5021 Unused Serialized files (Serialized files now loaded: 0)
Unloading 66 unused Assets / (351.7 KB). Loaded Objects now: 5489.
Memory consumption went from 208.7 MB to 208.3 MB.
Total: 3.539600 ms (FindLiveObjects: 0.308800 ms CreateObjectMapping: 0.189700 ms MarkObjects: 2.834500 ms  DeleteObjects: 0.205700 ms)

AssetImportParameters requested are different than current active one (requested -> active):
  custom:container-demuxer-ogg: 62fdf1f143b41e24485cea50d1cbac27 -> 
  custom:video-codec-MediaFoundation-h265: 746d11721c4dcdbdad8f713fa42b33f4 -> 
  custom:video-decoder-ogg-theora: a1e56fd34408186e4bbccfd4996cb3dc -> 
  custom:framework-win-MediaFoundation: 216162199b28c13a410421893ffa2e32 -> 
  custom:CustomObjectIndexerAttribute: 4d1d7186bcbbfe361de5f0ad951e585c -> 
  custom:container-demuxer-webm: 4f35f7cbe854078d1ac9338744f61a02 -> 
  custom:container-muxer-webm: aa71ff27fc2769a1b78a27578f13a17b -> 
  custom:video-decoder-webm-vp8: 9c59270c3fd7afecdb556c50c9e8de78 -> 
  custom:SearchIndexIgnoredProperties: e643bd26f0fe6173181afceb89e7c659 -> 
  custom:AudioImporter_EditorPlatform: d09bf68614088b80899f8185d706f6e7 -> 
  custom:video-encoder-webm-vp8: eb34c28f22e8b96e1ab97ce403110664 -> 
  custom:audio-decoder-ogg-vorbis: bf7c407c2cedff20999df2af8eb42d56 -> 
  custom:audio-encoder-webm-vorbis: bf7c407c2cedff20999df2af8eb42d56 -> 
========================================================================
Received Prepare
Begin MonoManager ReloadAssembly
- Loaded All Assemblies, in  0.458 seconds
Refreshing native plugins compatible for Editor in 3.01 ms, found 3 plugins.
Native extension for WindowsStandalone target not found
Mono: successfully reloaded assembly
- Finished resetting the current domain, in  2.424 seconds
Domain Reload Profiling: 2879ms
	BeginReloadAssembly (147ms)
		ExecutionOrderSort (0ms)
		DisableScriptedObjects (3ms)
		BackupInstance (0ms)
		ReleaseScriptingObjects (0ms)
		CreateAndSetChildDomain (39ms)
	RebuildCommonClasses (30ms)
	RebuildNativeTypeToScriptingClass (10ms)
	initialDomainReloadingComplete (26ms)
	LoadAllAssembliesAndSetupDomain (243ms)
		LoadAssemblies (281ms)
		RebuildTransferFunctionScriptingTraits (0ms)
		AnalyzeDomain (38ms)
			TypeCache.Refresh (9ms)
				TypeCache.ScanAssembly (0ms)
			ScanForSourceGeneratedMonoScriptInfo (18ms)
			ResolveRequiredComponents (10ms)
	FinalizeReload (2424ms)
		ReleaseScriptCaches (0ms)
		RebuildScriptCaches (0ms)
		SetupLoadedEditorAssemblies (483ms)
			LogAssemblyErrors (0ms)
			InitializePlatformSupportModulesInManaged (6ms)
			SetLoadedEditorAssemblies (5ms)
			RefreshPlugins (0ms)
			BeforeProcessingInitializeOnLoad (69ms)
			ProcessInitializeOnLoadAttributes (343ms)
			ProcessInitializeOnLoadMethodAttributes (55ms)
			AfterProcessingInitializeOnLoad (6ms)
			EditorAssembliesLoaded (0ms)
		ExecutionOrderSort2 (0ms)
		AwakeInstancesAfterBackupRestoration (15ms)
Refreshing native plugins compatible for Editor in 4.75 ms, found 3 plugins.
Preloading 0 native plugins for Editor in 0.00 ms.
Unloading 4863 Unused Serialized files (Serialized files now loaded: 0)
Unloading 41 unused Assets / (318.6 KB). Loaded Objects now: 5493.
Memory consumption went from 182.7 MB to 182.4 MB.
Total: 4.183600 ms (FindLiveObjects: 0.370700 ms CreateObjectMapping: 0.245500 ms MarkObjects: 3.478400 ms  DeleteObjects: 0.087800 ms)

Prepare: number of updated asset objects reloaded= 0
AssetImportParameters requested are different than current active one (requested -> active):
  custom:container-demuxer-ogg: 62fdf1f143b41e24485cea50d1cbac27 -> 
  custom:video-codec-MediaFoundation-h265: 746d11721c4dcdbdad8f713fa42b33f4 -> 
  custom:video-decoder-ogg-theora: a1e56fd34408186e4bbccfd4996cb3dc -> 
  custom:framework-win-MediaFoundation: 216162199b28c13a410421893ffa2e32 -> 
  custom:CustomObjectIndexerAttribute: 4d1d7186bcbbfe361de5f0ad951e585c -> 
  custom:container-demuxer-webm: 4f35f7cbe854078d1ac9338744f61a02 -> 
  custom:container-muxer-webm: aa71ff27fc2769a1b78a27578f13a17b -> 
  custom:video-decoder-webm-vp8: 9c59270c3fd7afecdb556c50c9e8de78 -> 
  custom:SearchIndexIgnoredProperties: e643bd26f0fe6173181afceb89e7c659 -> 
  custom:AudioImporter_EditorPlatform: d09bf68614088b80899f8185d706f6e7 -> 
  custom:video-encoder-webm-vp8: eb34c28f22e8b96e1ab97ce403110664 -> 
  custom:audio-decoder-ogg-vorbis: bf7c407c2cedff20999df2af8eb42d56 -> 
  custom:audio-encoder-webm-vorbis: bf7c407c2cedff20999df2af8eb42d56 -> 
========================================================================
Received Import Request.
  Time since last request: 521324.111913 seconds.
  path: Assets/Enviroment/FantasyEnvironments/Environments/Materials/Rock1.mat
  artifactKey: Guid(a533ed8eb4eba624da8b36b62d2da8f8) Importer(815301076,1909f56bfc062723c751e8b465ee728b)
Start importing Assets/Enviroment/FantasyEnvironments/Environments/Materials/Rock1.mat using Guid(a533ed8eb4eba624da8b36b62d2da8f8) Importer(815301076,1909f56bfc062723c751e8b465ee728b)  -> (artifact id: '45d0b255ed1bdbf845bbfe3e15c4f3cb') in 0.396720 seconds
Number of updated asset objects reloaded before import = 0
Number of asset objects unloaded after import = 22
========================================================================
Received Import Request.
  Time since last request: 47.598214 seconds.
  path: Assets/Enviroment/FantasyEnvironments/Environments/Textures/ground_rock.png
  artifactKey: Guid(67dc751397e1b75439a91891c5142b92) Importer(815301076,1909f56bfc062723c751e8b465ee728b)
Start importing Assets/Enviroment/FantasyEnvironments/Environments/Textures/ground_rock.png using Guid(67dc751397e1b75439a91891c5142b92) Importer(815301076,1909f56bfc062723c751e8b465ee728b)  -> (artifact id: '2e3e0ce5fcbebb745c86d06079780a54') in 0.069310 seconds
Number of updated asset objects reloaded before import = 0
Number of asset objects unloaded after import = 2
========================================================================
Received Import Request.
  Time since last request: 0.000250 seconds.
  path: Assets/Enviroment/FantasyEnvironments/Environments/Textures/ground_soil.png
  artifactKey: Guid(4eeb42d9cb8e87846b2a380f2764ca66) Importer(815301076,1909f56bfc062723c751e8b465ee728b)
Start importing Assets/Enviroment/FantasyEnvironments/Environments/Textures/ground_soil.png using Guid(4eeb42d9cb8e87846b2a380f2764ca66) Importer(815301076,1909f56bfc062723c751e8b465ee728b)  -> (artifact id: '530171485478d5e18b0715aa672bccdc') in 0.022426 seconds
Number of updated asset objects reloaded before import = 0
Number of asset objects unloaded after import = 2
========================================================================
Received Import Request.
  Time since last request: 0.000024 seconds.
  path: Assets/Enviroment/FantasyEnvironments/Environments/Textures/Rock3.png
  artifactKey: Guid(e3116d82a3e87ce459459ef39a1913fe) Importer(815301076,1909f56bfc062723c751e8b465ee728b)
Start importing Assets/Enviroment/FantasyEnvironments/Environments/Textures/Rock3.png using Guid(e3116d82a3e87ce459459ef39a1913fe) Importer(815301076,1909f56bfc062723c751e8b465ee728b)  -> (artifact id: 'a975a9683ce9b949b61fa32baa9b19d8') in 0.013996 seconds
Number of updated asset objects reloaded before import = 0
Number of asset objects unloaded after import = 2
========================================================================
Received Import Request.
  Time since last request: 36.801007 seconds.
  path: Assets/Standard Assets/Environment/TerrainAssets/SurfaceTextures/MudRockyNormals.bmp
  artifactKey: Guid(58a059b07b093a745b47c2191525ddce) Importer(815301076,1909f56bfc062723c751e8b465ee728b)
Start importing Assets/Standard Assets/Environment/TerrainAssets/SurfaceTextures/MudRockyNormals.bmp using Guid(58a059b07b093a745b47c2191525ddce) Importer(815301076,1909f56bfc062723c751e8b465ee728b)  -> (artifact id: 'c61a436ae2151d9ec9984f4688c043a1') in 0.026461 seconds
Number of updated asset objects reloaded before import = 0
Number of asset objects unloaded after import = 2
========================================================================
Received Import Request.
  Time since last request: 205.038225 seconds.
  path: Assets/Standard Assets/CrossPlatformInput/Sprites/ButtonAcceleratorUpSprite.png
  artifactKey: Guid(f588d850485d0ae479d73cf3bd0b7b00) Importer(815301076,1909f56bfc062723c751e8b465ee728b)
Start importing Assets/Standard Assets/CrossPlatformInput/Sprites/ButtonAcceleratorUpSprite.png using Guid(f588d850485d0ae479d73cf3bd0b7b00) Importer(815301076,1909f56bfc062723c751e8b465ee728b)  -> (artifact id: 'e1274ab2f792218e2ad0bf280b86015f') in 0.088865 seconds
Number of updated asset objects reloaded before import = 0
Number of asset objects unloaded after import = 3
========================================================================
Received Import Request.
  Time since last request: 8.174822 seconds.
  path: Assets/Enviroment/LB3D
  artifactKey: Guid(75df70f7b83be2a41b1bbbbffccd22aa) Importer(815301076,1909f56bfc062723c751e8b465ee728b)
Start importing Assets/Enviroment/LB3D using Guid(75df70f7b83be2a41b1bbbbffccd22aa) Importer(815301076,1909f56bfc062723c751e8b465ee728b)  -> (artifact id: '044e52c77db5f371cd176951b908a1fc') in 0.000963 seconds
Number of updated asset objects reloaded before import = 0
Number of asset objects unloaded after import = 0
========================================================================
Received Import Request.
  Time since last request: 1.173791 seconds.
  path: Assets/Enviroment/LB3D/RandomBlocks
  artifactKey: Guid(dc514e22c34273943831452561eda44d) Importer(815301076,1909f56bfc062723c751e8b465ee728b)
Start importing Assets/Enviroment/LB3D/RandomBlocks using Guid(dc514e22c34273943831452561eda44d) Importer(815301076,1909f56bfc062723c751e8b465ee728b)  -> (artifact id: '7e4898bcfaa72b4fb6d3cf6996cdc9a4') in 0.000533 seconds
Number of updated asset objects reloaded before import = 0
Number of asset objects unloaded after import = 0
========================================================================
Received Import Request.
  Time since last request: 1.122706 seconds.
  path: Assets/Enviroment/LB3D/RandomBlocks/Prefabs
  artifactKey: Guid(75c5447f3475efe4aafe404afc024a9e) Importer(815301076,1909f56bfc062723c751e8b465ee728b)
Start importing Assets/Enviroment/LB3D/RandomBlocks/Prefabs using Guid(75c5447f3475efe4aafe404afc024a9e) Importer(815301076,1909f56bfc062723c751e8b465ee728b)  -> (artifact id: '7fc2a97c9adb83005b536ddffdf4f270') in 0.000685 seconds
Number of updated asset objects reloaded before import = 0
Number of asset objects unloaded after import = 0
========================================================================
Received Import Request.
  Time since last request: 1.059642 seconds.
  path: Assets/Enviroment/LB3D/RandomBlocks/Prefabs/Blocks
  artifactKey: Guid(aa50407920e5bb24498086ffa03eb6bc) Importer(815301076,1909f56bfc062723c751e8b465ee728b)
Start importing Assets/Enviroment/LB3D/RandomBlocks/Prefabs/Blocks using Guid(aa50407920e5bb24498086ffa03eb6bc) Importer(815301076,1909f56bfc062723c751e8b465ee728b)  -> (artifact id: '31cde54a1008ea68c6db1c2323a6afe3') in 0.000710 seconds
Number of updated asset objects reloaded before import = 0
Number of asset objects unloaded after import = 0
========================================================================
Received Import Request.
  Time since last request: 2.385548 seconds.
  path: Assets/Enviroment/LB3D/RandomBlocks/Materials
  artifactKey: Guid(61bbe09a4cbd1c14586fa030abeb5c5b) Importer(815301076,1909f56bfc062723c751e8b465ee728b)
Start importing Assets/Enviroment/LB3D/RandomBlocks/Materials using Guid(61bbe09a4cbd1c14586fa030abeb5c5b) Importer(815301076,1909f56bfc062723c751e8b465ee728b)  -> (artifact id: 'b86d88ad3cf9733b0096259fee5d38cd') in 0.001250 seconds
Number of updated asset objects reloaded before import = 0
Number of asset objects unloaded after import = 0
========================================================================
Received Import Request.
  Time since last request: 0.999391 seconds.
  path: Assets/Enviroment/LB3D/RandomBlocks/Materials/Blocks
  artifactKey: Guid(4785bcc12c2fbc24ab46ff60d25d7241) Importer(815301076,1909f56bfc062723c751e8b465ee728b)
Start importing Assets/Enviroment/LB3D/RandomBlocks/Materials/Blocks using Guid(4785bcc12c2fbc24ab46ff60d25d7241) Importer(815301076,1909f56bfc062723c751e8b465ee728b)  -> (artifact id: 'ce9018c82c7f247271dc841e19d3b5da') in 0.000715 seconds
Number of updated asset objects reloaded before import = 0
Number of asset objects unloaded after import = 0
========================================================================
Received Import Request.
  Time since last request: 0.842339 seconds.
  path: Assets/Enviroment/LB3D/RandomBlocks/Materials/Blocks/CastBlocks
  artifactKey: Guid(9da9f3c0e832d014fa58730808aece78) Importer(815301076,1909f56bfc062723c751e8b465ee728b)
Start importing Assets/Enviroment/LB3D/RandomBlocks/Materials/Blocks/CastBlocks using Guid(9da9f3c0e832d014fa58730808aece78) Importer(815301076,1909f56bfc062723c751e8b465ee728b)  -> (artifact id: 'cbeee53513999eb8cf6e8986376d4459') in 0.000664 seconds
Number of updated asset objects reloaded before import = 0
Number of asset objects unloaded after import = 0
========================================================================
Received Import Request.
  Time since last request: 0.571385 seconds.
  path: Assets/Enviroment/LB3D/RandomBlocks/Materials/Blocks/CastBlocks/L1
  artifactKey: Guid(fded12bd52106cc42a706fcaf85d46ae) Importer(815301076,1909f56bfc062723c751e8b465ee728b)
Start importing Assets/Enviroment/LB3D/RandomBlocks/Materials/Blocks/CastBlocks/L1 using Guid(fded12bd52106cc42a706fcaf85d46ae) Importer(815301076,1909f56bfc062723c751e8b465ee728b)  -> (artifact id: '25196b47a62d81d51aa8f3df1cb26859') in 0.000705 seconds
Number of updated asset objects reloaded before import = 0
Number of asset objects unloaded after import = 0
========================================================================
Received Import Request.
  Time since last request: 0.038009 seconds.
  path: Assets/Enviroment/LB3D/RandomBlocks/Materials/Blocks/CastBlocks/L1/CastBlocks-L1-v1.mat
  artifactKey: Guid(c134c39cb68e4ad4298a3f2f3aa69bbb) Importer(815301076,1909f56bfc062723c751e8b465ee728b)
Start importing Assets/Enviroment/LB3D/RandomBlocks/Materials/Blocks/CastBlocks/L1/CastBlocks-L1-v1.mat using Guid(c134c39cb68e4ad4298a3f2f3aa69bbb) Importer(815301076,1909f56bfc062723c751e8b465ee728b)  -> (artifact id: '0445e0e73628892ea67f933c27d49283') in 0.037732 seconds
Number of updated asset objects reloaded before import = 0
Number of asset objects unloaded after import = 5
========================================================================
Received Import Request.
  Time since last request: 0.000023 seconds.
  path: Assets/Enviroment/LB3D/RandomBlocks/Materials/Blocks/CastBlocks/L1/CastBlocks-L1-v3.mat
  artifactKey: Guid(7034e73e4c975dc449146d551af8779c) Importer(815301076,1909f56bfc062723c751e8b465ee728b)
Start importing Assets/Enviroment/LB3D/RandomBlocks/Materials/Blocks/CastBlocks/L1/CastBlocks-L1-v3.mat using Guid(7034e73e4c975dc449146d551af8779c) Importer(815301076,1909f56bfc062723c751e8b465ee728b)  -> (artifact id: '8165c79fd467691830440ed8bdc0d95a') in 0.023838 seconds
Number of updated asset objects reloaded before import = 0
Number of asset objects unloaded after import = 5
========================================================================
Received Import Request.
  Time since last request: 0.000030 seconds.
  path: Assets/Enviroment/LB3D/RandomBlocks/Materials/Blocks/CastBlocks/L1/CastBlocks-L1-v4.mat
  artifactKey: Guid(1f27364227de93b48832b462da1c801a) Importer(815301076,1909f56bfc062723c751e8b465ee728b)
Start importing Assets/Enviroment/LB3D/RandomBlocks/Materials/Blocks/CastBlocks/L1/CastBlocks-L1-v4.mat using Guid(1f27364227de93b48832b462da1c801a) Importer(815301076,1909f56bfc062723c751e8b465ee728b)  -> (artifact id: 'b6ba057f22915f135563133f26c79120') in 0.020424 seconds
Number of updated asset objects reloaded before import = 0
Number of asset objects unloaded after import = 5
========================================================================
Received Import Request.
  Time since last request: 0.000062 seconds.
  path: Assets/Enviroment/LB3D/RandomBlocks/Materials/Blocks/CastBlocks/L1/CastBlocks-L1-v5.mat
  artifactKey: Guid(e93abeaaa787fc04baa6ddd710a49bab) Importer(815301076,1909f56bfc062723c751e8b465ee728b)
Start importing Assets/Enviroment/LB3D/RandomBlocks/Materials/Blocks/CastBlocks/L1/CastBlocks-L1-v5.mat using Guid(e93abeaaa787fc04baa6ddd710a49bab) Importer(815301076,1909f56bfc062723c751e8b465ee728b)  -> (artifact id: 'b3bd07f0ed3897dc3d11b6cf0873ef60') in 0.017329 seconds
Number of updated asset objects reloaded before import = 0
Number of asset objects unloaded after import = 5
Editor requested this worker to shutdown with reason: Scaling down because of idle timeout
TcpMessagingSession - receive error: operation aborted. errorcode: 995, details: La operación de E/S se anuló por una salida de subproceso o por una solicitud de aplicación.
AssetImportWorker is now disconnected from the server
Process exiting
Exiting without the bug reporter. Application will terminate with return code 0