Using pre-set license
Built from '2022.3/staging' branch; Version is '2022.3.16f1 (d2c21f0ef2f1) revision 13812255'; Using compiler version '192829333'; Build Type 'Release'
OS: 'Windows 10  (10.0.19044) 64bit EnterpriseS' Language: 'es' Physical Memory: 14188 MB
BatchMode: 1, IsHumanControllingUs: 0, StartBugReporterOnCrash: 0, Is64bit: 1, IsPro: 1

COMMAND LINE ARGUMENTS:
C:\Program Files\Unity\Hub\Editor\2022.3.16f1\Editor\Unity.exe
-adb2
-batchMode
-noUpm
-name
AssetImportWorker3
-projectPath
C:/Users/Lola/Desktop/Videojuegos/PracticasVideojuegos
-logFile
Logs/AssetImportWorker3.log
-srvPort
53161
Successfully changed project path to: C:/Users/Lola/Desktop/Videojuegos/PracticasVideojuegos
C:/Users/Lola/Desktop/Videojuegos/PracticasVideojuegos
[UnityMemory] Configuration Parameters - Can be set up in boot.config
    "memorysetup-bucket-allocator-granularity=16"
    "memorysetup-bucket-allocator-bucket-count=8"
    "memorysetup-bucket-allocator-block-size=33554432"
    "memorysetup-bucket-allocator-block-count=8"
    "memorysetup-main-allocator-block-size=16777216"
    "memorysetup-thread-allocator-block-size=16777216"
    "memorysetup-gfx-main-allocator-block-size=16777216"
    "memorysetup-gfx-thread-allocator-block-size=16777216"
    "memorysetup-cache-allocator-block-size=4194304"
    "memorysetup-typetree-allocator-block-size=2097152"
    "memorysetup-profiler-bucket-allocator-granularity=16"
    "memorysetup-profiler-bucket-allocator-bucket-count=8"
    "memorysetup-profiler-bucket-allocator-block-size=33554432"
    "memorysetup-profiler-bucket-allocator-block-count=8"
    "memorysetup-profiler-allocator-block-size=16777216"
    "memorysetup-profiler-editor-allocator-block-size=1048576"
    "memorysetup-temp-allocator-size-main=16777216"
    "memorysetup-job-temp-allocator-block-size=2097152"
    "memorysetup-job-temp-allocator-block-size-background=1048576"
    "memorysetup-job-temp-allocator-reduction-small-platforms=262144"
    "memorysetup-allocator-temp-initial-block-size-main=262144"
    "memorysetup-allocator-temp-initial-block-size-worker=262144"
    "memorysetup-temp-allocator-size-background-worker=32768"
    "memorysetup-temp-allocator-size-job-worker=262144"
    "memorysetup-temp-allocator-size-preload-manager=33554432"
    "memorysetup-temp-allocator-size-nav-mesh-worker=65536"
    "memorysetup-temp-allocator-size-audio-worker=65536"
    "memorysetup-temp-allocator-size-cloud-worker=32768"
    "memorysetup-temp-allocator-size-gi-baking-worker=262144"
    "memorysetup-temp-allocator-size-gfx=262144"
Player connection [29504] Host "[IP] 10.82.44.156 [Port] 0 [Flags] 2 [Guid] 2231014018 [EditorId] 2231014018 [Version] 1048832 [Id] WindowsEditor(7,DESKTOP-2VN0TS3) [Debug] 1 [PackageName] WindowsEditor [ProjectName] Editor" joined multi-casting on [225.0.0.222:54997]...

Player connection [29504] Host "[IP] 10.82.44.156 [Port] 0 [Flags] 2 [Guid] 2231014018 [EditorId] 2231014018 [Version] 1048832 [Id] WindowsEditor(7,DESKTOP-2VN0TS3) [Debug] 1 [PackageName] WindowsEditor [ProjectName] Editor" joined alternative multi-casting on [225.0.0.222:34997]...

[Physics::Module] Initialized MultithreadedJobDispatcher with 15 workers.
Refreshing native plugins compatible for Editor in 11.07 ms, found 3 plugins.
Preloading 0 native plugins for Editor in 0.00 ms.
Initialize engine version: 2022.3.16f1 (d2c21f0ef2f1)
[Subsystems] Discovering subsystems at path C:/Program Files/Unity/Hub/Editor/2022.3.16f1/Editor/Data/Resources/UnitySubsystems
[Subsystems] Discovering subsystems at path C:/Users/Lola/Desktop/Videojuegos/PracticasVideojuegos/Assets
GfxDevice: creating device client; threaded=0; jobified=0
Direct3D:
    Version:  Direct3D 11.0 [level 11.1]
    Renderer: NVIDIA GeForce RTX 3050 Laptop GPU (ID=0x25a2)
    Vendor:   NVIDIA
    VRAM:     3965 MB
    Driver:   32.0.15.6070
Initialize mono
Mono path[0] = 'C:/Program Files/Unity/Hub/Editor/2022.3.16f1/Editor/Data/Managed'
Mono path[1] = 'C:/Program Files/Unity/Hub/Editor/2022.3.16f1/Editor/Data/MonoBleedingEdge/lib/mono/unityjit-win32'
Mono config path = 'C:/Program Files/Unity/Hub/Editor/2022.3.16f1/Editor/Data/MonoBleedingEdge/etc'
Using monoOptions --debugger-agent=transport=dt_socket,embedding=1,server=y,suspend=n,address=127.0.0.1:56520
Begin MonoManager ReloadAssembly
Registering precompiled unity dll's ...
Register platform support module: C:/Program Files/Unity/Hub/Editor/2022.3.16f1/Editor/Data/PlaybackEngines/WindowsStandaloneSupport/UnityEditor.WindowsStandalone.Extensions.dll
Registered in 0.009132 seconds.
- Loaded All Assemblies, in  0.284 seconds
Native extension for WindowsStandalone target not found
Mono: successfully reloaded assembly
- Finished resetting the current domain, in  0.217 seconds
Domain Reload Profiling: 499ms
	BeginReloadAssembly (93ms)
		ExecutionOrderSort (0ms)
		DisableScriptedObjects (0ms)
		BackupInstance (0ms)
		ReleaseScriptingObjects (0ms)
		CreateAndSetChildDomain (1ms)
	RebuildCommonClasses (26ms)
	RebuildNativeTypeToScriptingClass (8ms)
	initialDomainReloadingComplete (53ms)
	LoadAllAssembliesAndSetupDomain (102ms)
		LoadAssemblies (91ms)
		RebuildTransferFunctionScriptingTraits (0ms)
		AnalyzeDomain (100ms)
			TypeCache.Refresh (99ms)
				TypeCache.ScanAssembly (88ms)
			ScanForSourceGeneratedMonoScriptInfo (0ms)
			ResolveRequiredComponents (0ms)
	FinalizeReload (218ms)
		ReleaseScriptCaches (0ms)
		RebuildScriptCaches (0ms)
		SetupLoadedEditorAssemblies (172ms)
			LogAssemblyErrors (0ms)
			InitializePlatformSupportModulesInManaged (8ms)
			SetLoadedEditorAssemblies (6ms)
			RefreshPlugins (0ms)
			BeforeProcessingInitializeOnLoad (2ms)
			ProcessInitializeOnLoadAttributes (118ms)
			ProcessInitializeOnLoadMethodAttributes (38ms)
			AfterProcessingInitializeOnLoad (0ms)
			EditorAssembliesLoaded (0ms)
		ExecutionOrderSort2 (0ms)
		AwakeInstancesAfterBackupRestoration (0ms)
========================================================================
Worker process is ready to serve import requests
Begin MonoManager ReloadAssembly
- Loaded All Assemblies, in  0.543 seconds
Refreshing native plugins compatible for Editor in 4.34 ms, found 3 plugins.
Native extension for WindowsStandalone target not found
Mono: successfully reloaded assembly
- Finished resetting the current domain, in  0.574 seconds
Domain Reload Profiling: 1114ms
	BeginReloadAssembly (124ms)
		ExecutionOrderSort (0ms)
		DisableScriptedObjects (4ms)
		BackupInstance (0ms)
		ReleaseScriptingObjects (0ms)
		CreateAndSetChildDomain (18ms)
	RebuildCommonClasses (25ms)
	RebuildNativeTypeToScriptingClass (8ms)
	initialDomainReloadingComplete (38ms)
	LoadAllAssembliesAndSetupDomain (344ms)
		LoadAssemblies (272ms)
		RebuildTransferFunctionScriptingTraits (0ms)
		AnalyzeDomain (145ms)
			TypeCache.Refresh (119ms)
				TypeCache.ScanAssembly (107ms)
			ScanForSourceGeneratedMonoScriptInfo (17ms)
			ResolveRequiredComponents (8ms)
	FinalizeReload (575ms)
		ReleaseScriptCaches (0ms)
		RebuildScriptCaches (0ms)
		SetupLoadedEditorAssemblies (455ms)
			LogAssemblyErrors (0ms)
			InitializePlatformSupportModulesInManaged (6ms)
			SetLoadedEditorAssemblies (2ms)
			RefreshPlugins (0ms)
			BeforeProcessingInitializeOnLoad (64ms)
			ProcessInitializeOnLoadAttributes (316ms)
			ProcessInitializeOnLoadMethodAttributes (57ms)
			AfterProcessingInitializeOnLoad (9ms)
			EditorAssembliesLoaded (0ms)
		ExecutionOrderSort2 (0ms)
		AwakeInstancesAfterBackupRestoration (5ms)
Launched and connected shader compiler UnityShaderCompiler.exe after 0.03 seconds
Refreshing native plugins compatible for Editor in 4.16 ms, found 3 plugins.
Preloading 0 native plugins for Editor in 0.00 ms.
Unloading 5037 Unused Serialized files (Serialized files now loaded: 0)
Unloading 66 unused Assets / (352.6 KB). Loaded Objects now: 5505.
Memory consumption went from 212.3 MB to 211.9 MB.
Total: 2.877900 ms (FindLiveObjects: 0.322800 ms CreateObjectMapping: 0.128300 ms MarkObjects: 2.239800 ms  DeleteObjects: 0.186400 ms)

AssetImportParameters requested are different than current active one (requested -> active):
  custom:container-demuxer-ogg: 62fdf1f143b41e24485cea50d1cbac27 -> 
  custom:video-decoder-ogg-theora: a1e56fd34408186e4bbccfd4996cb3dc -> 
  custom:framework-win-MediaFoundation: 216162199b28c13a410421893ffa2e32 -> 
  custom:CustomObjectIndexerAttribute: 4d1d7186bcbbfe361de5f0ad951e585c -> 
  custom:container-demuxer-webm: 4f35f7cbe854078d1ac9338744f61a02 -> 
  custom:container-muxer-webm: aa71ff27fc2769a1b78a27578f13a17b -> 
  custom:video-decoder-webm-vp8: 9c59270c3fd7afecdb556c50c9e8de78 -> 
  custom:SearchIndexIgnoredProperties: e643bd26f0fe6173181afceb89e7c659 -> 
  custom:AudioImporter_EditorPlatform: d09bf68614088b80899f8185d706f6e7 -> 
  custom:video-encoder-webm-vp8: eb34c28f22e8b96e1ab97ce403110664 -> 
  custom:audio-decoder-ogg-vorbis: bf7c407c2cedff20999df2af8eb42d56 -> 
  custom:audio-encoder-webm-vorbis: bf7c407c2cedff20999df2af8eb42d56 -> 
========================================================================
Received Import Request.
  Time since last request: 465327.005226 seconds.
  path: Assets/Enviroment/LB3D/RandomBlocks/Prefabs/Floors/Dungeon-1/Dungeon-1-L0-V2.prefab
  artifactKey: Guid(76885a6ad06d28e4b95dee69b28f6e32) Importer(815301076,1909f56bfc062723c751e8b465ee728b)
Start importing Assets/Enviroment/LB3D/RandomBlocks/Prefabs/Floors/Dungeon-1/Dungeon-1-L0-V2.prefab using Guid(76885a6ad06d28e4b95dee69b28f6e32) Importer(815301076,1909f56bfc062723c751e8b465ee728b)  -> (artifact id: '3bfefc47204c1e0f04e5ae88cddd1619') in 0.365147 seconds
Number of updated asset objects reloaded before import = 0
Number of asset objects unloaded after import = 13
========================================================================
Received Import Request.
  Time since last request: 57.432437 seconds.
  path: Assets/Enviroment/LB3D/RandomBlocks/Prefabs/Floors/Default/Floor-V3.prefab
  artifactKey: Guid(f6ee86f8a03fb324c987fa46adbe95c0) Importer(815301076,1909f56bfc062723c751e8b465ee728b)
Start importing Assets/Enviroment/LB3D/RandomBlocks/Prefabs/Floors/Default/Floor-V3.prefab using Guid(f6ee86f8a03fb324c987fa46adbe95c0) Importer(815301076,1909f56bfc062723c751e8b465ee728b)  -> (artifact id: '88acb2fb4cc6d2f0d5e3c5b91f90c04c') in 0.059293 seconds
Number of updated asset objects reloaded before import = 0
Number of asset objects unloaded after import = 12
========================================================================
Received Import Request.
  Time since last request: 0.000020 seconds.
  path: Assets/Enviroment/LB3D/RandomBlocks/Prefabs/Floors/Default/Floor-V6.prefab
  artifactKey: Guid(5cc2630c877bb9a428e78420123b6943) Importer(815301076,1909f56bfc062723c751e8b465ee728b)
Start importing Assets/Enviroment/LB3D/RandomBlocks/Prefabs/Floors/Default/Floor-V6.prefab using Guid(5cc2630c877bb9a428e78420123b6943) Importer(815301076,1909f56bfc062723c751e8b465ee728b)  -> (artifact id: 'e666e305510b81c5391ce296c5f54d3e') in 0.052527 seconds
Number of updated asset objects reloaded before import = 0
Number of asset objects unloaded after import = 12
========================================================================
Received Import Request.
  Time since last request: 0.000030 seconds.
  path: Assets/Enviroment/LB3D/RandomBlocks/Prefabs/Floors/Default/Floor-V18.prefab
  artifactKey: Guid(70fb304022f7a434dbb250225708cf30) Importer(815301076,1909f56bfc062723c751e8b465ee728b)
Start importing Assets/Enviroment/LB3D/RandomBlocks/Prefabs/Floors/Default/Floor-V18.prefab using Guid(70fb304022f7a434dbb250225708cf30) Importer(815301076,1909f56bfc062723c751e8b465ee728b)  -> (artifact id: '5da4b6397047989d96b39531f87edb1f') in 0.064385 seconds
Number of updated asset objects reloaded before import = 0
Number of asset objects unloaded after import = 12
========================================================================
Received Import Request.
  Time since last request: 0.000043 seconds.
  path: Assets/Enviroment/LB3D/RandomBlocks/Prefabs/Floors/Default/Floor-V20.prefab
  artifactKey: Guid(77377390c89df7241b9f8b3ab315dca5) Importer(815301076,1909f56bfc062723c751e8b465ee728b)
Start importing Assets/Enviroment/LB3D/RandomBlocks/Prefabs/Floors/Default/Floor-V20.prefab using Guid(77377390c89df7241b9f8b3ab315dca5) Importer(815301076,1909f56bfc062723c751e8b465ee728b)  -> (artifact id: '498e16103f80f251bfc28fe7485af57f') in 0.064823 seconds
Number of updated asset objects reloaded before import = 0
Number of asset objects unloaded after import = 12
========================================================================
Received Import Request.
  Time since last request: 0.000030 seconds.
  path: Assets/Enviroment/LB3D/RandomBlocks/Prefabs/Floors/Default/Floor-V12.prefab
  artifactKey: Guid(dcb6debf6174e3a4280a8dbe3be3f401) Importer(815301076,1909f56bfc062723c751e8b465ee728b)
Start importing Assets/Enviroment/LB3D/RandomBlocks/Prefabs/Floors/Default/Floor-V12.prefab using Guid(dcb6debf6174e3a4280a8dbe3be3f401) Importer(815301076,1909f56bfc062723c751e8b465ee728b)  -> (artifact id: '0e62abe768ce33f46d901058d5a8e9a3') in 0.073376 seconds
Number of updated asset objects reloaded before import = 0
Number of asset objects unloaded after import = 12
========================================================================
Received Import Request.
  Time since last request: 0.000019 seconds.
  path: Assets/Enviroment/LB3D/RandomBlocks/Prefabs/Floors/Default/Floor-V9.prefab
  artifactKey: Guid(d84335de85cf185469cb4288e94c7490) Importer(815301076,1909f56bfc062723c751e8b465ee728b)
Start importing Assets/Enviroment/LB3D/RandomBlocks/Prefabs/Floors/Default/Floor-V9.prefab using Guid(d84335de85cf185469cb4288e94c7490) Importer(815301076,1909f56bfc062723c751e8b465ee728b)  -> (artifact id: '3296a13a5ff03d593c8fb2051d65d79d') in 0.067296 seconds
Number of updated asset objects reloaded before import = 0
Number of asset objects unloaded after import = 12
========================================================================
Received Import Request.
  Time since last request: 0.000018 seconds.
  path: Assets/Enviroment/LB3D/RandomBlocks/Prefabs/Floors/Default/Floor-V5.prefab
  artifactKey: Guid(e274f2c2f26d959488e9e817e5036108) Importer(815301076,1909f56bfc062723c751e8b465ee728b)
Start importing Assets/Enviroment/LB3D/RandomBlocks/Prefabs/Floors/Default/Floor-V5.prefab using Guid(e274f2c2f26d959488e9e817e5036108) Importer(815301076,1909f56bfc062723c751e8b465ee728b)  -> (artifact id: '57611aba2901129a2d15cb12eee37994') in 0.073050 seconds
Number of updated asset objects reloaded before import = 0
Number of asset objects unloaded after import = 12
========================================================================
Received Import Request.
  Time since last request: 0.000028 seconds.
  path: Assets/Enviroment/LB3D/RandomBlocks/Prefabs/Floors/Default/Floor-V14.prefab
  artifactKey: Guid(5b2bfcb7d7534bc4688fe77c7f280970) Importer(815301076,1909f56bfc062723c751e8b465ee728b)
Start importing Assets/Enviroment/LB3D/RandomBlocks/Prefabs/Floors/Default/Floor-V14.prefab using Guid(5b2bfcb7d7534bc4688fe77c7f280970) Importer(815301076,1909f56bfc062723c751e8b465ee728b)  -> (artifact id: 'a0f72eac785a7bcbe0e5220cc75be150') in 0.064849 seconds
Number of updated asset objects reloaded before import = 0
Number of asset objects unloaded after import = 12
========================================================================
Received Import Request.
  Time since last request: 18.953638 seconds.
  path: Assets/Enviroment/LB3D/RandomBlocks/Prefabs/Floors/RandomMasonry/RandomMasonry-L0-V3.prefab
  artifactKey: Guid(c88902bcdebadd747987dded3bd53d8c) Importer(815301076,1909f56bfc062723c751e8b465ee728b)
Start importing Assets/Enviroment/LB3D/RandomBlocks/Prefabs/Floors/RandomMasonry/RandomMasonry-L0-V3.prefab using Guid(c88902bcdebadd747987dded3bd53d8c) Importer(815301076,1909f56bfc062723c751e8b465ee728b)  -> (artifact id: 'e9229b5d0fbcb7de71a0828a93a1de18') in 0.077629 seconds
Number of updated asset objects reloaded before import = 0
Number of asset objects unloaded after import = 12
Editor requested this worker to shutdown with reason: Scaling down because of idle timeout
TcpMessagingSession - receive error: operation aborted. errorcode: 995, details: La operación de E/S se anuló por una salida de subproceso o por una solicitud de aplicación.
AssetImportWorker is now disconnected from the server
Process exiting
Exiting without the bug reporter. Application will terminate with return code 0